19 May 2026 05:37:37 PM

FFT_MPI
  C++ version with MPI

  Demonstrate an implementation of the Fast Fourier Transform
  of a complex data vector using MPI_Pack/Unpack.

  Accuracy check:

    FFT ( FFT ( X(1:N) ) ) == N * X(1:N)

             N      NITS    Error         Time          Time/Call     MFLOPS

             2       100   7.85908e-17      0.158717   0.000793587      0.012601
             4       100   1.20984e-16    0.00289297   1.44649e-05       2.76532
             8       100    6.8208e-17      0.100222   0.000501109      0.239469
            16       100   1.43867e-16      0.199069   0.000995347      0.321496
            32        10   1.33121e-16     0.0011797   5.89848e-05       13.5628
            64        10   1.77654e-16    0.00155354   7.76768e-05       24.7178
           128        10   1.92904e-16    0.00210881   0.000105441       42.4884
           256        10   2.09232e-16      0.091598     0.0045799       2.23586
           512         1   1.92749e-16   0.000550032   0.000275016        83.777
          1024         1   2.30861e-16    0.00104356   0.000521779       98.1258
          2048         1   2.44762e-16    0.00175858   0.000879288       128.104
          4096         1   2.47978e-16     0.0984769     0.0492384       4.99122
          8192         1   2.57809e-16      0.101272     0.0506358       10.5159
         16384         1   2.73399e-16      0.497709      0.248855       4.60863
         32768         1   2.92301e-16      0.395094      0.197547       12.4406
         65536         1   2.82993e-16      0.396972      0.198486       26.4143
        131072         1   3.14967e-16      0.801716      0.400858       27.7932
        262144         1    3.2186e-16       1.80502       0.90251       26.1415
        524288         1   3.28137e-16       3.59237       1.79619       27.7295
       1048576         1    3.2859e-16       7.69279       3.84639       27.2613

FFT_MPI:
  Normal end of execution.

19 May 2026 05:38:15 PM
