19 May 2026 05:38:17 PM

FFT_MPI
  C++ version with MPI

  Demonstrate an implementation of the Fast Fourier Transform
  of a complex data vector using MPI_Pack/Unpack.

  Accuracy check:

    FFT ( FFT ( X(1:N) ) ) == N * X(1:N)

             N      NITS    Error         Time          Time/Call     MFLOPS

             2       100   7.85908e-17       65.0997      0.325499   3.07221e-05
             4       100   1.20984e-16       126.296      0.631482    6.3343e-05
             8       100    6.8208e-17         190.9        0.9545    0.00012572
            16       100   1.43867e-16         265.5        1.3275   0.000241055
            32        10   1.33121e-16       32.7981       1.63991   0.000487833
            64        10   1.77654e-16       40.7007       2.03504   0.000943472
           128        10   1.92904e-16        47.899       2.39495     0.0018706
           256        10   2.09232e-16          53.1         2.655    0.00385687
           512         1   1.92749e-16       7.50402       3.75201    0.00614071
          1024         1   2.30861e-16       7.50075       3.75037      0.013652
          2048         1   2.44762e-16       8.10111       4.05056     0.0278085
          4096         1   2.47978e-16        8.1997       4.09985     0.0599437
          8192         1   2.57809e-16       9.59932       4.79966      0.110941
         16384         1   2.73399e-16       10.4999       5.24996      0.218455
         32768         1   2.92301e-16       9.89744       4.94872      0.496613
         65536         1   2.82993e-16       22.5998       11.2999      0.463976
        131072         1   3.14967e-16       22.0992       11.0496       1.00828
        262144         1    3.2186e-16       36.5022       18.2511       1.29269
        524288         1   3.28137e-16       52.8978       26.4489       1.88315
       1048576         1    3.2859e-16          84.2          42.1       2.49068

FFT_MPI:
  Normal end of execution.

19 May 2026 06:02:17 PM
