19 May 2026 05:36:14 PM

FFT_MPI
  C++ version with MPI

  Demonstrate an implementation of the Fast Fourier Transform
  of a complex data vector using MPI_Pack/Unpack.

  Accuracy check:

    FFT ( FFT ( X(1:N) ) ) == N * X(1:N)

             N      NITS    Error         Time          Time/Call     MFLOPS

             2       100   7.85908e-17   0.000535965   2.67982e-06       3.73159
             4       100   1.20984e-16    0.00102758   5.13792e-06       7.78525
             8       100    6.8208e-17    0.00160408    8.0204e-06       14.9618
            16       100   1.43867e-16    0.00230932   1.15466e-05       27.7138
            32        10   1.33121e-16   0.000373125   1.86563e-05       42.8811
            64        10   1.77654e-16   0.000713348   3.56674e-05       53.8306
           128        10   1.92904e-16     0.0371611    0.00185806       2.41112
           256        10   2.09232e-16    0.00167298   8.36492e-05       122.416
           512         1   1.92749e-16   0.000304461    0.00015223        151.35
          1024         1   2.30861e-16   0.000569582   0.000284791       179.781
          2048         1   2.44762e-16    0.00104237   0.000521183       216.124
          4096         1   2.47978e-16     0.0030365    0.00151825       161.871
          8192         1   2.57809e-16     0.0813274     0.0406637       13.0947
         16384         1   2.73399e-16     0.0838552     0.0419276       27.3538
         32768         1   2.92301e-16      0.101243     0.0506215       48.5485
         65536         1   2.82993e-16       0.10488       0.05244       99.9786
        131072         1   3.14967e-16      0.122964     0.0614818        181.21
        262144         1    3.2186e-16      0.367432      0.183716       128.421
        524288         1   3.28137e-16      0.696053      0.348026       143.114
       1048576         1    3.2859e-16       1.61529      0.807645       129.831

FFT_MPI:
  Normal end of execution.

19 May 2026 05:36:22 PM
