19 May 2026 05:37:11 PM

FFT_SERIAL
  C++ version

  Demonstrate an implementation of the Fast Fourier Transform
  of a complex data vector.

  Accuracy check:

    FFT ( FFT ( X(1:N) ) ) == N * X(1:N)

             N      NITS    Error         Time          Time/Call     MFLOPS

             2     10000   7.85908e-17       0.00084       4.2e-08       238.095
             4     10000   1.20984e-16      0.001348      6.74e-08       593.472
             8     10000    6.8208e-17      0.002041    1.0205e-07       1175.89
            16     10000   1.43867e-16      0.003872     1.936e-07       1652.89
            32      1000   1.33121e-16      0.000699     3.495e-07       2288.98
            64      1000   1.77654e-16      0.001571     7.855e-07        2444.3
           128      1000   1.92904e-16      0.003187    1.5935e-06       2811.42
           256      1000   2.09232e-16      0.007687    3.8435e-06       2664.24
           512       100   1.92749e-16      0.001597     7.985e-06       2885.41
          1024       100   2.30861e-16      0.003833    1.9165e-05       2671.54
          2048       100   2.44762e-16      0.008058     4.029e-05       2795.73
          4096       100   2.47978e-16      0.019007    9.5035e-05       2585.99
          8192        10   2.57809e-16      0.003724     0.0001862       2859.72
         16384        10   2.73399e-16      0.008454     0.0004227       2713.22
         32768        10   2.92301e-16      0.017876     0.0008938       2749.61
         65536        10   2.82993e-16      0.042451    0.00212255       2470.09
        131072         1   3.14967e-16      0.008789     0.0043945       2535.24
        262144         1    3.2186e-16      0.020011     0.0100055          2358
        524288         1   3.28137e-16      0.047102      0.023551       2114.87
       1048576         1    3.2859e-16      0.137981     0.0689905       1519.88

FFT_SERIAL:
  Normal end of execution.

19 May 2026 05:37:12 PM
