19 May 2026 05:37:12 PM

FFT_MPI
  C++ version with MPI

  Demonstrate an implementation of the Fast Fourier Transform
  of a complex data vector using MPI_Pack/Unpack.

  Accuracy check:

    FFT ( FFT ( X(1:N) ) ) == N * X(1:N)

             N      NITS    Error         Time          Time/Call     MFLOPS

             2       100   7.85908e-17   0.000281572   1.40786e-06       7.10297
             4       100   1.20984e-16    0.00054884    2.7442e-06       14.5762
             8       100    6.8208e-17   0.000861406   4.30703e-06       27.8614
            16       100   1.43867e-16    0.00124311   6.21557e-06       51.4836
            32        10   1.33121e-16   0.000241518   1.20759e-05       66.2476
            64        10   1.77654e-16   0.000550032   2.75016e-05       69.8142
           128        10   1.92904e-16    0.00102282   5.11408e-05       87.6013
           256        10   2.09232e-16    0.00144553   7.22766e-05       141.678
           512         1   1.92749e-16   0.000265837   0.000132918       173.339
          1024         1   2.30861e-16    0.00055337   0.000276685       185.048
          2048         1   2.44762e-16   0.000968456   0.000484228       232.618
          4096         1   2.47978e-16    0.00263858    0.00131929       186.282
          8192         1   2.57809e-16    0.00827837    0.00413918       128.644
         16384         1   2.73399e-16     0.0195417    0.00977087       117.377
         32768         1   2.92301e-16     0.0160697    0.00803483       305.869
         65536         1   2.82993e-16      0.088037     0.0440185       119.106
        131072         1   3.14967e-16      0.180178     0.0900892       123.668
        262144         1    3.2186e-16      0.364114      0.182057       129.591
        524288         1   3.28137e-16      0.694609      0.347304       143.411
       1048576         1    3.2859e-16       1.61372      0.806861       129.957

FFT_MPI:
  Normal end of execution.

19 May 2026 05:37:19 PM
