19 May 2026 05:37:19 PM

FFT_MPI
  C++ version with MPI

  Demonstrate an implementation of the Fast Fourier Transform
  of a complex data vector using MPI_Pack/Unpack.

  Accuracy check:

    FFT ( FFT ( X(1:N) ) ) == N * X(1:N)

             N      NITS    Error         Time          Time/Call     MFLOPS

             2       100   7.85908e-17   0.000625849   3.12924e-06       3.19566
             4       100   1.20984e-16    0.00103784   5.18918e-06       7.70835
             8       100    6.8208e-17    0.00187969   9.39846e-06        12.768
            16       100   1.43867e-16     0.0768209   0.000384104      0.833107
            32        10   1.33121e-16   0.000550032   2.75016e-05       29.0892
            64        10   1.77654e-16   0.000766277   3.83139e-05       50.1124
           128        10   1.92904e-16    0.00161791   8.08954e-05       55.3801
           256        10   2.09232e-16    0.00235033   0.000117517       87.1367
           512         1   1.92749e-16   0.000388622   0.000194311       118.573
          1024         1   2.30861e-16   0.000600815   0.000300407       170.435
          2048         1   2.44762e-16    0.00110507   0.000552535        203.86
          4096         1   2.47978e-16     0.0850735     0.0425367       5.77759
          8192         1   2.57809e-16    0.00863266    0.00431633       123.364
         16384         1   2.73399e-16      0.100921     0.0504603       22.7283
         32768         1   2.92301e-16      0.185369     0.0926846       26.5157
         65536         1   2.82993e-16      0.194321     0.0971605        53.961
        131072         1   3.14967e-16      0.389414      0.194707       57.2199
        262144         1    3.2186e-16      0.798265      0.399132       59.1106
        524288         1   3.28137e-16       1.79658      0.898288        55.447
       1048576         1    3.2859e-16       3.60209       1.80105       58.2204

FFT_MPI:
  Normal end of execution.

19 May 2026 05:37:36 PM
